<?xml version="1.0" encoding="UTF-8"?>
<!-- Generated by org.testng.reporters.JUnitReportReporter -->
<testsuite skipped="0" hostname="DESKTOP-MGFNL1P" name="a2_bingTest.A1_Samplebing" tests="1" failures="0" timestamp="10 Aug 2023 05:09:16 GMT" time="93.886" errors="1">
  <testcase name="loginBingTest" time="93.886" classname="a2_bingTest.A1_Samplebing">
    <error type="java.io.FileNotFoundException" message="C:\Users\LENOVO\batch260\GitTest\screenshot\bing.png (The system cannot find the path specified)">
      <![CDATA[java.io.FileNotFoundException: C:\Users\LENOVO\batch260\GitTest\screenshot\bing.png (The system cannot find the path specified)at java.io.FileOutputStream.open0(Native Method)at java.io.FileOutputStream.open(Unknown Source)at java.io.FileOutputStream.<init>(Unknown Source)at java.io.FileOutputStream.<init>(Unknown Source)at org.openqa.selenium.io.FileHandler.copyFile(FileHandler.java:136)at org.openqa.selenium.io.FileHandler.copy(FileHandler.java:115)at a2_bingTest.A1_Samplebing.loginBingTest(A1_Samplebing.java:39)at sun.reflect.NativeMethodAccessorImpl.invoke0(Native Method)at sun.reflect.NativeMethodAccessorImpl.invoke(Unknown Source)at sun.reflect.DelegatingMethodAccessorImpl.invoke(Unknown Source)at java.lang.reflect.Method.invoke(Unknown Source)at org.testng.internal.MethodInvocationHelper.invokeMethod(MethodInvocationHelper.java:124)at org.testng.internal.Invoker.invokeMethod(Invoker.java:571)at org.testng.internal.Invoker.invokeTestMethod(Invoker.java:707)at org.testng.internal.Invoker.invokeTestMethods(Invoker.java:979)at org.testng.internal.TestMethodWorker.invokeTestMethods(TestMethodWorker.java:125)at org.testng.internal.TestMethodWorker.run(TestMethodWorker.java:109)at org.testng.TestRunner.privateRun(TestRunner.java:648)at org.testng.TestRunner.run(TestRunner.java:505)at org.testng.SuiteRunner.runTest(SuiteRunner.java:455)at org.testng.SuiteRunner.runSequentially(SuiteRunner.java:450)at org.testng.SuiteRunner.privateRun(SuiteRunner.java:415)at org.testng.SuiteRunner.run(SuiteRunner.java:364)at org.testng.SuiteRunnerWorker.runSuite(SuiteRunnerWorker.java:52)at org.testng.SuiteRunnerWorker.run(SuiteRunnerWorker.java:84)at org.testng.TestNG.runSuitesSequentially(TestNG.java:1187)at org.testng.TestNG.runSuitesSequentially(TestNG.java:1183)at org.testng.TestNG.runSuitesLocally(TestNG.java:1116)at org.testng.TestNG.runSuites(TestNG.java:1028)at org.testng.TestNG.run(TestNG.java:996)at org.testng.remote.AbstractRemoteTestNG.run(AbstractRemoteTestNG.java:114)at org.testng.remote.RemoteTestNG.initAndRun(RemoteTestNG.java:251)at org.testng.remote.RemoteTestNG.main(RemoteTestNG.java:77)]]>
    </error>
  </testcase> <!-- loginBingTest -->
</testsuite> <!-- a2_bingTest.A1_Samplebing -->
